01:00:36.783 INFO  ####  SERVER INITIALIZING  #### 
01:00:36.783 INFO  ####  LOADING MODULES  ####
 
01:00:36.783 INFO  ####  LOADING ENVIRONMENT VARIABLES  #### 
01:00:36.792 INFO  ####  ENVIRONMENT VARIABLES LOADED  #### 
01:00:36.792 INFO  ####  LOADING  EXPRESS #### 
01:00:36.794 INFO  #### ( log_rotate ) LOG ROTATE Scheduled  ####
 
01:00:36.794 INFO  #### EXPRESS LOADED #### 
01:08:34.771 INFO  ####  SERVER INITIALIZING  #### 
01:08:34.771 INFO  ####  LOADING MODULES  ####
 
01:08:34.771 INFO  ####  LOADING ENVIRONMENT VARIABLES  #### 
01:08:34.780 INFO  ####  ENVIRONMENT VARIABLES LOADED  #### 
01:08:34.780 INFO  ####  LOADING  EXPRESS #### 
01:08:34.782 INFO  #### ( log_rotate ) LOG ROTATE Scheduled  ####
 
01:08:34.782 INFO  #### EXPRESS LOADED #### 
01:11:50.354 INFO  ####  SERVER INITIALIZING  #### 
01:11:50.354 INFO  ####  LOADING MODULES  ####
 
01:11:50.354 INFO  ####  LOADING ENVIRONMENT VARIABLES  #### 
01:11:50.364 INFO  ####  ENVIRONMENT VARIABLES LOADED  #### 
01:11:50.364 INFO  ####  LOADING  EXPRESS #### 
01:11:50.366 INFO  #### ( log_rotate ) LOG ROTATE Scheduled  ####
 
01:11:50.366 INFO  #### EXPRESS LOADED #### 
01:13:32.725 INFO  ####  SERVER INITIALIZING  #### 
01:13:32.725 INFO  ####  LOADING MODULES  ####
 
01:13:32.725 INFO  ####  LOADING ENVIRONMENT VARIABLES  #### 
01:13:32.736 INFO  ####  ENVIRONMENT VARIABLES LOADED  #### 
01:13:32.736 INFO  ####  LOADING  EXPRESS #### 
01:13:32.738 INFO  #### ( log_rotate ) LOG ROTATE Scheduled  ####
 
01:13:32.738 INFO  #### EXPRESS LOADED #### 
01:13:35.004 INFO  ####  SERVER INITIALIZING  #### 
01:13:35.004 INFO  ####  LOADING MODULES  ####
 
01:13:35.004 INFO  ####  LOADING ENVIRONMENT VARIABLES  #### 
01:13:35.015 INFO  ####  ENVIRONMENT VARIABLES LOADED  #### 
01:13:35.015 INFO  ####  LOADING  EXPRESS #### 
01:13:35.017 INFO  #### ( log_rotate ) LOG ROTATE Scheduled  ####
 
01:13:35.017 INFO  #### EXPRESS LOADED #### 
01:13:40.138 INFO  ####  SERVER INITIALIZING  #### 
01:13:40.138 INFO  ####  LOADING MODULES  ####
 
01:13:40.138 INFO  ####  LOADING ENVIRONMENT VARIABLES  #### 
01:13:40.149 INFO  ####  ENVIRONMENT VARIABLES LOADED  #### 
01:13:40.149 INFO  ####  LOADING  EXPRESS #### 
01:13:40.151 INFO  #### ( log_rotate ) LOG ROTATE Scheduled  ####
 
01:13:40.151 INFO  #### EXPRESS LOADED #### 
01:20:45.834 INFO  ####  SERVER INITIALIZING  #### 
01:20:45.834 INFO  ####  LOADING MODULES  ####
 
01:20:45.834 INFO  ####  LOADING ENVIRONMENT VARIABLES  #### 
01:20:45.842 INFO  ####  ENVIRONMENT VARIABLES LOADED  #### 
01:20:45.842 INFO  ####  LOADING  EXPRESS #### 
01:20:45.844 INFO  #### ( log_rotate ) LOG ROTATE Scheduled  ####
 
01:20:45.844 INFO  #### EXPRESS LOADED #### 
01:22:55.925 INFO  ####  SERVER INITIALIZING  #### 
01:22:55.925 INFO  ####  LOADING MODULES  ####
 
01:22:55.926 INFO  ####  LOADING ENVIRONMENT VARIABLES  #### 
01:22:55.935 INFO  ####  ENVIRONMENT VARIABLES LOADED  #### 
01:22:55.935 INFO  ####  LOADING  EXPRESS #### 
01:22:55.936 INFO  #### ( log_rotate ) LOG ROTATE Scheduled  ####
 
01:22:55.936 INFO  #### EXPRESS LOADED #### 
01:23:13.402 INFO  ####  SERVER INITIALIZING  #### 
01:23:13.402 INFO  ####  LOADING MODULES  ####
 
01:23:13.412 INFO  #### ( log_rotate ) LOG ROTATE Scheduled  ####
 
01:23:28.518 INFO  ####  SERVER INITIALIZING  #### 
01:23:28.518 INFO  ####  LOADING MODULES  ####
 
01:23:28.519 INFO  ####  LOADING ENVIRONMENT VARIABLES  #### 
01:23:28.528 INFO  ####  ENVIRONMENT VARIABLES LOADED  #### 
01:23:28.528 INFO  ####  LOADING  EXPRESS #### 
01:23:28.530 INFO  #### ( log_rotate ) LOG ROTATE Scheduled  ####
 
01:23:28.530 INFO  #### EXPRESS LOADED #### 
01:28:18.200 INFO  ####  SERVER INITIALIZING  #### 
01:28:18.200 INFO  ####  LOADING MODULES  ####
 
01:28:18.201 INFO  ####  LOADING ENVIRONMENT VARIABLES  #### 
01:28:18.211 INFO  ####  ENVIRONMENT VARIABLES LOADED  #### 
01:28:18.211 INFO  ####  LOADING  EXPRESS #### 
01:28:18.213 INFO  #### ( log_rotate ) LOG ROTATE Scheduled  ####
 
01:28:18.213 INFO  #### EXPRESS LOADED #### 
01:29:50.642 INFO  ####  SERVER INITIALIZING  #### 
01:29:50.642 INFO  ####  LOADING MODULES  ####
 
01:29:50.642 INFO  ####  LOADING ENVIRONMENT VARIABLES  #### 
01:29:50.651 INFO  ####  ENVIRONMENT VARIABLES LOADED  #### 
01:29:50.652 INFO  ####  LOADING  EXPRESS #### 
01:29:50.654 INFO  #### ( log_rotate ) LOG ROTATE Scheduled  ####
 
01:29:50.654 INFO  #### EXPRESS LOADED #### 
01:30:33.018 INFO  ####  SERVER INITIALIZING  #### 
01:30:33.018 INFO  ####  LOADING MODULES  ####
 
01:30:33.019 INFO  ####  LOADING ENVIRONMENT VARIABLES  #### 
01:30:33.028 INFO  ####  ENVIRONMENT VARIABLES LOADED  #### 
01:30:33.030 INFO  ####  LOADING  EXPRESS #### 
01:30:33.032 INFO  #### ( log_rotate ) LOG ROTATE Scheduled  ####
 
01:30:33.032 INFO  #### EXPRESS LOADED #### 
01:31:43.388 INFO  ####  SERVER INITIALIZING  #### 
01:31:43.388 INFO  ####  LOADING MODULES  ####
 
01:31:43.388 INFO  ####  LOADING ENVIRONMENT VARIABLES  #### 
01:31:43.397 INFO  ####  ENVIRONMENT VARIABLES LOADED  #### 
01:31:43.398 INFO  ####  LOADING  EXPRESS #### 
01:31:43.400 INFO  #### ( log_rotate ) LOG ROTATE Scheduled  ####
 
01:31:43.401 INFO  #### EXPRESS LOADED #### 
01:33:55.119 INFO  ####  SERVER INITIALIZING  #### 
01:33:55.120 INFO  ####  LOADING MODULES  ####
 
01:33:55.124 INFO  ####  LOADING ENVIRONMENT VARIABLES  #### 
01:33:55.141 INFO  ####  ENVIRONMENT VARIABLES LOADED  #### 
01:33:55.144 INFO  ####  LOADING  EXPRESS #### 
01:33:55.146 INFO  #### ( log_rotate ) LOG ROTATE Scheduled  ####
 
01:33:55.147 INFO  #### EXPRESS LOADED #### 
01:33:55.155 INFO  Listening on PORT: 5000 
01:33:55.163 INFO  ####  SERVER INITIALIZED   #### 
01:41:20.343 INFO  ####  SERVER INITIALIZING  #### 
01:41:20.343 INFO  ####  LOADING MODULES  ####
 
01:41:20.344 INFO  ####  LOADING ENVIRONMENT VARIABLES  #### 
01:41:20.353 INFO  ####  ENVIRONMENT VARIABLES LOADED  #### 
01:41:20.354 INFO  ####  LOADING  EXPRESS #### 
01:41:20.356 INFO  #### ( log_rotate ) LOG ROTATE Scheduled  ####
 
01:41:20.356 INFO  #### EXPRESS LOADED #### 
01:41:20.361 INFO  Listening on PORT: 5000 
01:41:20.361 INFO  ####  SERVER INITIALIZED   #### 
01:41:31.328 INFO  ####  SERVER INITIALIZING  #### 
01:41:31.328 INFO  ####  LOADING MODULES  ####
 
01:41:31.329 INFO  ####  LOADING ENVIRONMENT VARIABLES  #### 
01:41:31.343 INFO  ####  ENVIRONMENT VARIABLES LOADED  #### 
01:41:31.344 INFO  ####  LOADING  EXPRESS #### 
01:41:31.345 INFO  #### ( log_rotate ) LOG ROTATE Scheduled  ####
 
01:41:31.350 INFO  #### EXPRESS LOADED #### 
01:41:31.362 INFO  Listening on PORT: 5000 
01:41:31.368 INFO  ####  SERVER INITIALIZED   #### 
01:48:59.331 INFO  ####  SERVER INITIALIZING  #### 
01:48:59.331 INFO  ####  LOADING MODULES  ####
 
01:48:59.331 INFO  ####  LOADING ENVIRONMENT VARIABLES  #### 
01:48:59.340 INFO  ####  ENVIRONMENT VARIABLES LOADED  #### 
01:48:59.341 INFO  ####  LOADING  EXPRESS #### 
01:48:59.343 INFO  #### ( log_rotate ) LOG ROTATE Scheduled  ####
 
01:48:59.343 INFO  #### EXPRESS LOADED #### 
01:48:59.349 INFO  Listening on PORT: 5000 
01:48:59.349 INFO  ####  SERVER INITIALIZED   #### 
01:56:10.269 INFO  ####  SERVER INITIALIZING  #### 
01:56:10.269 INFO  ####  LOADING MODULES  ####
 
01:56:10.269 INFO  ####  LOADING ENVIRONMENT VARIABLES  #### 
01:56:10.278 INFO  ####  ENVIRONMENT VARIABLES LOADED  #### 
01:56:10.279 INFO  ####  LOADING  EXPRESS #### 
01:56:10.281 INFO  #### ( log_rotate ) LOG ROTATE Scheduled  ####
 
01:56:10.281 INFO  #### EXPRESS LOADED #### 
01:56:10.287 INFO  Listening on PORT: 5000 
01:56:10.287 INFO  ####  SERVER INITIALIZED   #### 
02:08:45.253 INFO  ####  SERVER INITIALIZING  #### 
02:08:45.253 INFO  ####  LOADING MODULES  ####
 
02:08:45.254 INFO  ####  LOADING ENVIRONMENT VARIABLES  #### 
02:08:45.262 INFO  ####  ENVIRONMENT VARIABLES LOADED  #### 
02:08:45.263 INFO  ####  LOADING  EXPRESS #### 
02:08:45.265 INFO  #### ( log_rotate ) LOG ROTATE Scheduled  ####
 
02:08:45.266 INFO  #### EXPRESS LOADED #### 
02:08:45.271 INFO  Listening on PORT: 5000 
02:08:45.271 INFO  ####  SERVER INITIALIZED   #### 
02:08:59.211 INFO  ####  SERVER INITIALIZING  #### 
02:08:59.211 INFO  ####  LOADING MODULES  ####
 
02:08:59.212 INFO  ####  LOADING ENVIRONMENT VARIABLES  #### 
02:08:59.222 INFO  ####  ENVIRONMENT VARIABLES LOADED  #### 
02:08:59.222 INFO  ####  LOADING  EXPRESS #### 
02:08:59.224 INFO  #### ( log_rotate ) LOG ROTATE Scheduled  ####
 
02:08:59.225 INFO  #### EXPRESS LOADED #### 
02:08:59.230 INFO  Listening on PORT: 5000 
02:08:59.230 INFO  ####  SERVER INITIALIZED   #### 
02:09:46.595 INFO  ####  SERVER INITIALIZING  #### 
02:09:46.596 INFO  ####  LOADING MODULES  ####
 
02:09:46.596 INFO  ####  LOADING ENVIRONMENT VARIABLES  #### 
02:09:46.606 INFO  ####  ENVIRONMENT VARIABLES LOADED  #### 
02:09:46.607 INFO  ####  LOADING  EXPRESS #### 
02:09:46.609 INFO  #### ( log_rotate ) LOG ROTATE Scheduled  ####
 
02:09:46.610 INFO  #### EXPRESS LOADED #### 
02:09:46.616 INFO  Listening on PORT: 5000 
02:09:46.616 INFO  ####  SERVER INITIALIZED   #### 
02:10:00.906 INFO  ####  SERVER INITIALIZING  #### 
02:10:00.907 INFO  ####  LOADING MODULES  ####
 
02:10:00.908 INFO  ####  LOADING ENVIRONMENT VARIABLES  #### 
02:10:00.922 INFO  ####  ENVIRONMENT VARIABLES LOADED  #### 
02:10:00.923 INFO  ####  LOADING  EXPRESS #### 
02:10:00.925 INFO  #### ( log_rotate ) LOG ROTATE Scheduled  ####
 
02:10:00.925 INFO  #### EXPRESS LOADED #### 
02:10:00.932 INFO  Listening on PORT: 5000 
02:10:00.932 INFO  ####  SERVER INITIALIZED   #### 
02:10:33.017 INFO  ####  SERVER INITIALIZING  #### 
02:10:33.017 INFO  ####  LOADING MODULES  ####
 
02:10:33.018 INFO  ####  LOADING ENVIRONMENT VARIABLES  #### 
02:10:33.027 INFO  ####  ENVIRONMENT VARIABLES LOADED  #### 
02:10:33.028 INFO  ####  LOADING  EXPRESS #### 
02:10:33.030 INFO  #### ( log_rotate ) LOG ROTATE Scheduled  ####
 
02:10:33.030 INFO  #### EXPRESS LOADED #### 
02:10:33.036 INFO  Listening on PORT: 5000 
02:10:33.036 INFO  ####  SERVER INITIALIZED   #### 
02:11:01.994 INFO  ####  SERVER INITIALIZING  #### 
02:11:01.994 INFO  ####  LOADING MODULES  ####
 
02:11:01.994 INFO  ####  LOADING ENVIRONMENT VARIABLES  #### 
02:11:02.003 INFO  ####  ENVIRONMENT VARIABLES LOADED  #### 
02:11:02.004 INFO  ####  LOADING  EXPRESS #### 
02:11:02.006 INFO  #### ( log_rotate ) LOG ROTATE Scheduled  ####
 
02:11:02.006 INFO  #### EXPRESS LOADED #### 
02:11:02.012 INFO  Listening on PORT: 5000 
02:11:02.012 INFO  ####  SERVER INITIALIZED   #### 
02:12:06.108 INFO  ####  SERVER INITIALIZING  #### 
02:12:06.108 INFO  ####  LOADING MODULES  ####
 
02:12:06.108 INFO  ####  LOADING ENVIRONMENT VARIABLES  #### 
02:12:06.122 INFO  ####  ENVIRONMENT VARIABLES LOADED  #### 
02:12:06.122 INFO  ####  LOADING  EXPRESS #### 
02:12:06.124 INFO  #### ( log_rotate ) LOG ROTATE Scheduled  ####
 
02:12:06.124 INFO  #### EXPRESS LOADED #### 
02:12:06.134 INFO  Listening on PORT: 5000 
02:12:06.134 INFO  ####  SERVER INITIALIZED   #### 
02:13:01.043 INFO  ####  SERVER INITIALIZING  #### 
02:13:01.043 INFO  ####  LOADING MODULES  ####
 
02:13:01.044 INFO  ####  LOADING ENVIRONMENT VARIABLES  #### 
02:13:01.053 INFO  ####  ENVIRONMENT VARIABLES LOADED  #### 
02:13:01.055 INFO  ####  LOADING  EXPRESS #### 
02:13:01.057 INFO  #### ( log_rotate ) LOG ROTATE Scheduled  ####
 
02:13:01.058 INFO  #### EXPRESS LOADED #### 
02:13:01.064 INFO  Listening on PORT: 5000 
02:13:01.064 INFO  ####  SERVER INITIALIZED   #### 
02:15:38.689 INFO  ####  SERVER INITIALIZING  #### 
02:15:38.689 INFO  ####  LOADING MODULES  ####
 
02:15:38.689 INFO  ####  LOADING ENVIRONMENT VARIABLES  #### 
02:15:38.703 INFO  ####  ENVIRONMENT VARIABLES LOADED  #### 
02:15:38.704 INFO  ####  LOADING  EXPRESS #### 
02:15:38.706 INFO  #### ( log_rotate ) LOG ROTATE Scheduled  ####
 
02:15:38.707 INFO  #### EXPRESS LOADED #### 
02:15:38.713 INFO  Listening on PORT: 5000 
02:15:38.713 INFO  ####  SERVER INITIALIZED   #### 
02:16:11.113 INFO  ####  SERVER INITIALIZING  #### 
02:16:11.113 INFO  ####  LOADING MODULES  ####
 
02:16:11.114 INFO  ####  LOADING ENVIRONMENT VARIABLES  #### 
02:16:11.127 INFO  ####  ENVIRONMENT VARIABLES LOADED  #### 
02:16:11.128 INFO  ####  LOADING  EXPRESS #### 
02:16:11.130 INFO  #### ( log_rotate ) LOG ROTATE Scheduled  ####
 
02:16:11.130 INFO  #### EXPRESS LOADED #### 
02:16:11.142 INFO  Listening on PORT: 5000 
02:16:11.142 INFO  ####  SERVER INITIALIZED   #### 
02:17:09.754 INFO  ####  SERVER INITIALIZING  #### 
02:17:09.754 INFO  ####  LOADING MODULES  ####
 
02:17:09.755 INFO  ####  LOADING ENVIRONMENT VARIABLES  #### 
02:17:09.772 INFO  ####  ENVIRONMENT VARIABLES LOADED  #### 
02:17:09.773 INFO  ####  LOADING  EXPRESS #### 
02:17:09.781 INFO  #### ( log_rotate ) LOG ROTATE Scheduled  ####
 
02:17:09.781 INFO  #### EXPRESS LOADED #### 
02:17:09.788 INFO  Listening on PORT: 5000 
02:17:09.788 INFO  ####  SERVER INITIALIZED   #### 
02:17:28.447 INFO  ####  SERVER INITIALIZING  #### 
02:17:28.447 INFO  ####  LOADING MODULES  ####
 
02:17:28.450 INFO  ####  LOADING ENVIRONMENT VARIABLES  #### 
02:17:28.461 INFO  ####  ENVIRONMENT VARIABLES LOADED  #### 
02:17:28.462 INFO  ####  LOADING  EXPRESS #### 
02:17:28.464 INFO  #### ( log_rotate ) LOG ROTATE Scheduled  ####
 
02:17:28.465 INFO  #### EXPRESS LOADED #### 
02:17:28.473 INFO  Listening on PORT: 5000 
02:17:28.473 INFO  ####  SERVER INITIALIZED   #### 
02:17:44.138 INFO  ####  SERVER INITIALIZING  #### 
02:17:44.138 INFO  ####  LOADING MODULES  ####
 
02:17:44.139 INFO  ####  LOADING ENVIRONMENT VARIABLES  #### 
02:17:44.151 INFO  ####  ENVIRONMENT VARIABLES LOADED  #### 
02:17:44.151 INFO  ####  LOADING  EXPRESS #### 
02:17:44.153 INFO  #### ( log_rotate ) LOG ROTATE Scheduled  ####
 
02:17:44.153 INFO  #### EXPRESS LOADED #### 
02:17:44.163 INFO  Listening on PORT: 5000 
02:17:44.163 INFO  ####  SERVER INITIALIZED   #### 
02:17:55.345 INFO  ####  SERVER INITIALIZING  #### 
02:17:55.345 INFO  ####  LOADING MODULES  ####
 
02:17:55.348 INFO  ####  LOADING ENVIRONMENT VARIABLES  #### 
02:17:55.359 INFO  ####  ENVIRONMENT VARIABLES LOADED  #### 
02:17:55.360 INFO  ####  LOADING  EXPRESS #### 
02:17:55.362 INFO  #### ( log_rotate ) LOG ROTATE Scheduled  ####
 
02:17:55.362 INFO  #### EXPRESS LOADED #### 
02:17:55.368 INFO  Listening on PORT: 5000 
02:17:55.368 INFO  ####  SERVER INITIALIZED   #### 
02:18:34.364 INFO  ####  SERVER INITIALIZING  #### 
02:18:34.364 INFO  ####  LOADING MODULES  ####
 
02:18:34.365 INFO  ####  LOADING ENVIRONMENT VARIABLES  #### 
02:18:34.379 INFO  ####  ENVIRONMENT VARIABLES LOADED  #### 
02:18:34.380 INFO  ####  LOADING  EXPRESS #### 
02:18:34.382 INFO  #### ( log_rotate ) LOG ROTATE Scheduled  ####
 
02:18:34.382 INFO  #### EXPRESS LOADED #### 
02:18:34.390 INFO  Listening on PORT: 5000 
02:18:34.391 INFO  ####  SERVER INITIALIZED   #### 
02:19:03.461 INFO  ####  SERVER INITIALIZING  #### 
02:19:03.461 INFO  ####  LOADING MODULES  ####
 
02:19:03.462 INFO  ####  LOADING ENVIRONMENT VARIABLES  #### 
02:19:03.471 INFO  ####  ENVIRONMENT VARIABLES LOADED  #### 
02:19:03.472 INFO  ####  LOADING  EXPRESS #### 
02:19:03.475 INFO  #### ( log_rotate ) LOG ROTATE Scheduled  ####
 
02:19:03.475 INFO  #### EXPRESS LOADED #### 
02:19:03.480 INFO  Listening on PORT: 5000 
02:19:03.480 INFO  ####  SERVER INITIALIZED   #### 
02:19:18.388 INFO  ####  SERVER INITIALIZING  #### 
02:19:18.388 INFO  ####  LOADING MODULES  ####
 
02:19:18.389 INFO  ####  LOADING ENVIRONMENT VARIABLES  #### 
02:19:18.399 INFO  ####  ENVIRONMENT VARIABLES LOADED  #### 
02:19:18.400 INFO  ####  LOADING  EXPRESS #### 
02:19:18.402 INFO  #### ( log_rotate ) LOG ROTATE Scheduled  ####
 
02:19:18.403 INFO  #### EXPRESS LOADED #### 
02:19:18.408 INFO  Listening on PORT: 5000 
02:19:18.408 INFO  ####  SERVER INITIALIZED   #### 
02:20:11.988 INFO  ####  SERVER INITIALIZING  #### 
02:20:11.988 INFO  ####  LOADING MODULES  ####
 
02:20:11.989 INFO  ####  LOADING ENVIRONMENT VARIABLES  #### 
02:20:12.000 INFO  ####  ENVIRONMENT VARIABLES LOADED  #### 
02:20:12.001 INFO  ####  LOADING  EXPRESS #### 
02:20:12.003 INFO  #### ( log_rotate ) LOG ROTATE Scheduled  ####
 
02:20:12.003 INFO  #### EXPRESS LOADED #### 
02:20:12.012 INFO  Listening on PORT: 5000 
02:20:12.012 INFO  ####  SERVER INITIALIZED   #### 
02:20:30.881 INFO  ####  SERVER INITIALIZING  #### 
02:20:30.881 INFO  ####  LOADING MODULES  ####
 
02:20:30.881 INFO  ####  LOADING ENVIRONMENT VARIABLES  #### 
02:20:30.898 INFO  ####  ENVIRONMENT VARIABLES LOADED  #### 
02:20:30.899 INFO  ####  LOADING  EXPRESS #### 
02:20:30.908 INFO  #### ( log_rotate ) LOG ROTATE Scheduled  ####
 
02:20:30.908 INFO  #### EXPRESS LOADED #### 
02:20:30.914 INFO  Listening on PORT: 5000 
02:20:30.914 INFO  ####  SERVER INITIALIZED   #### 
02:20:52.015 INFO  ####  SERVER INITIALIZING  #### 
02:20:52.015 INFO  ####  LOADING MODULES  ####
 
02:20:52.015 INFO  ####  LOADING ENVIRONMENT VARIABLES  #### 
02:20:52.027 INFO  ####  ENVIRONMENT VARIABLES LOADED  #### 
02:20:52.027 INFO  ####  LOADING  EXPRESS #### 
02:20:52.029 INFO  #### ( log_rotate ) LOG ROTATE Scheduled  ####
 
02:20:52.030 INFO  #### EXPRESS LOADED #### 
02:20:52.035 INFO  Listening on PORT: 5000 
02:20:52.035 INFO  ####  SERVER INITIALIZED   #### 
02:23:14.292 INFO  ####  SERVER INITIALIZING  #### 
02:23:14.292 INFO  ####  LOADING MODULES  ####
 
02:23:14.293 INFO  ####  LOADING ENVIRONMENT VARIABLES  #### 
02:23:14.302 INFO  ####  ENVIRONMENT VARIABLES LOADED  #### 
02:23:14.303 INFO  ####  LOADING  EXPRESS #### 
02:23:14.305 INFO  #### ( log_rotate ) LOG ROTATE Scheduled  ####
 
02:23:14.305 INFO  #### EXPRESS LOADED #### 
02:23:14.311 INFO  Listening on PORT: 5000 
02:23:14.312 INFO  ####  SERVER INITIALIZED   #### 
02:23:43.734 INFO  ####  SERVER INITIALIZING  #### 
02:23:43.734 INFO  ####  LOADING MODULES  ####
 
02:23:43.735 INFO  ####  LOADING ENVIRONMENT VARIABLES  #### 
02:23:43.748 INFO  ####  ENVIRONMENT VARIABLES LOADED  #### 
02:23:43.749 INFO  ####  LOADING  EXPRESS #### 
02:23:43.751 INFO  #### ( log_rotate ) LOG ROTATE Scheduled  ####
 
02:23:43.751 INFO  #### EXPRESS LOADED #### 
02:23:43.757 INFO  Listening on PORT: 5000 
02:23:43.757 INFO  ####  SERVER INITIALIZED   #### 
02:24:51.013 INFO  ####  SERVER INITIALIZING  #### 
02:24:51.013 INFO  ####  LOADING MODULES  ####
 
02:24:51.015 INFO  ####  LOADING ENVIRONMENT VARIABLES  #### 
02:24:51.024 INFO  ####  ENVIRONMENT VARIABLES LOADED  #### 
02:24:51.025 INFO  ####  LOADING  EXPRESS #### 
02:24:51.027 INFO  #### ( log_rotate ) LOG ROTATE Scheduled  ####
 
02:24:51.028 INFO  #### EXPRESS LOADED #### 
02:24:51.035 INFO  Listening on PORT: 5000 
02:24:51.035 INFO  ####  SERVER INITIALIZED   #### 
02:25:31.744 INFO  ####  SERVER INITIALIZING  #### 
02:25:31.744 INFO  ####  LOADING MODULES  ####
 
02:25:31.744 INFO  ####  LOADING ENVIRONMENT VARIABLES  #### 
02:25:31.758 INFO  ####  ENVIRONMENT VARIABLES LOADED  #### 
02:25:31.759 INFO  ####  LOADING  EXPRESS #### 
02:25:31.761 INFO  #### ( log_rotate ) LOG ROTATE Scheduled  ####
 
02:25:31.761 INFO  #### EXPRESS LOADED #### 
02:25:31.768 INFO  Listening on PORT: 5000 
02:25:31.768 INFO  ####  SERVER INITIALIZED   #### 
02:26:01.271 INFO  ####  SERVER INITIALIZING  #### 
02:26:01.271 INFO  ####  LOADING MODULES  ####
 
02:26:01.272 INFO  ####  LOADING ENVIRONMENT VARIABLES  #### 
02:26:01.282 INFO  ####  ENVIRONMENT VARIABLES LOADED  #### 
02:26:01.285 INFO  ####  LOADING  EXPRESS #### 
02:26:01.287 INFO  #### ( log_rotate ) LOG ROTATE Scheduled  ####
 
02:26:01.287 INFO  #### EXPRESS LOADED #### 
02:26:01.292 INFO  Listening on PORT: 5000 
02:26:01.293 INFO  ####  SERVER INITIALIZED   #### 
02:26:13.927 INFO  ####  SERVER INITIALIZING  #### 
02:26:13.927 INFO  ####  LOADING MODULES  ####
 
02:26:13.929 INFO  ####  LOADING ENVIRONMENT VARIABLES  #### 
02:26:13.937 INFO  ####  ENVIRONMENT VARIABLES LOADED  #### 
02:26:13.938 INFO  ####  LOADING  EXPRESS #### 
02:26:13.940 INFO  #### ( log_rotate ) LOG ROTATE Scheduled  ####
 
02:26:13.940 INFO  #### EXPRESS LOADED #### 
02:26:13.947 INFO  Listening on PORT: 5000 
02:26:13.948 INFO  ####  SERVER INITIALIZED   #### 
02:29:44.919 INFO  ####  SERVER INITIALIZING  #### 
02:29:44.919 INFO  ####  LOADING MODULES  ####
 
02:29:44.920 INFO  ####  LOADING ENVIRONMENT VARIABLES  #### 
02:29:44.930 INFO  ####  ENVIRONMENT VARIABLES LOADED  #### 
02:29:44.932 INFO  ####  LOADING  EXPRESS #### 
02:29:44.934 INFO  #### ( log_rotate ) LOG ROTATE Scheduled  ####
 
02:29:44.934 INFO  #### EXPRESS LOADED #### 
02:29:44.939 INFO  Listening on PORT: 5000 
02:29:44.940 INFO  ####  SERVER INITIALIZED   #### 
02:30:27.276 INFO  ####  SERVER INITIALIZING  #### 
02:30:27.276 INFO  ####  LOADING MODULES  ####
 
02:30:27.276 INFO  ####  LOADING ENVIRONMENT VARIABLES  #### 
02:30:27.286 INFO  ####  ENVIRONMENT VARIABLES LOADED  #### 
02:30:27.287 INFO  ####  LOADING  EXPRESS #### 
02:30:27.289 INFO  #### ( log_rotate ) LOG ROTATE Scheduled  ####
 
02:30:27.289 INFO  #### EXPRESS LOADED #### 
02:30:27.295 INFO  Listening on PORT: 5000 
02:30:27.295 INFO  ####  SERVER INITIALIZED   #### 
02:30:51.590 INFO  ####  SERVER INITIALIZING  #### 
02:30:51.590 INFO  ####  LOADING MODULES  ####
 
02:30:51.590 INFO  ####  LOADING ENVIRONMENT VARIABLES  #### 
02:30:51.600 INFO  ####  ENVIRONMENT VARIABLES LOADED  #### 
02:30:51.602 INFO  ####  LOADING  EXPRESS #### 
02:30:51.604 INFO  #### ( log_rotate ) LOG ROTATE Scheduled  ####
 
02:30:51.605 INFO  #### EXPRESS LOADED #### 
02:30:51.610 INFO  Listening on PORT: 5000 
02:30:51.610 INFO  ####  SERVER INITIALIZED   #### 
02:30:59.773 INFO  ####  SERVER INITIALIZING  #### 
02:30:59.773 INFO  ####  LOADING MODULES  ####
 
02:30:59.774 INFO  ####  LOADING ENVIRONMENT VARIABLES  #### 
02:30:59.786 INFO  ####  ENVIRONMENT VARIABLES LOADED  #### 
02:30:59.787 INFO  ####  LOADING  EXPRESS #### 
02:30:59.788 INFO  #### ( log_rotate ) LOG ROTATE Scheduled  ####
 
02:30:59.789 INFO  #### EXPRESS LOADED #### 
02:30:59.794 INFO  Listening on PORT: 5000 
02:30:59.794 INFO  ####  SERVER INITIALIZED   #### 
02:33:46.057 INFO  ####  SERVER INITIALIZING  #### 
02:33:46.057 INFO  ####  LOADING MODULES  ####
 
02:33:46.058 INFO  ####  LOADING ENVIRONMENT VARIABLES  #### 
02:33:46.067 INFO  ####  ENVIRONMENT VARIABLES LOADED  #### 
02:33:46.068 INFO  ####  LOADING  EXPRESS #### 
02:33:46.070 INFO  #### ( log_rotate ) LOG ROTATE Scheduled  ####
 
02:33:46.071 INFO  #### EXPRESS LOADED #### 
02:33:46.077 INFO  Listening on PORT: 5000 
02:33:46.077 INFO  ####  SERVER INITIALIZED   #### 
02:35:22.918 INFO  ####  SERVER INITIALIZING  #### 
02:35:22.919 INFO  ####  LOADING MODULES  ####
 
02:35:22.919 INFO  ####  LOADING ENVIRONMENT VARIABLES  #### 
02:35:22.930 INFO  ####  ENVIRONMENT VARIABLES LOADED  #### 
02:35:22.931 INFO  ####  LOADING  EXPRESS #### 
02:35:22.933 INFO  #### ( log_rotate ) LOG ROTATE Scheduled  ####
 
02:35:22.933 INFO  #### EXPRESS LOADED #### 
02:35:22.939 INFO  Listening on PORT: 5000 
02:35:22.939 INFO  ####  SERVER INITIALIZED   #### 
02:40:27.182 INFO  ####  SERVER INITIALIZING  #### 
02:40:27.182 INFO  ####  LOADING MODULES  ####
 
02:40:27.184 INFO  ####  LOADING ENVIRONMENT VARIABLES  #### 
02:40:27.198 INFO  ####  ENVIRONMENT VARIABLES LOADED  #### 
02:40:27.199 INFO  ####  LOADING  EXPRESS #### 
02:40:27.201 INFO  #### ( log_rotate ) LOG ROTATE Scheduled  ####
 
02:40:27.201 INFO  #### EXPRESS LOADED #### 
02:40:27.212 INFO  Listening on PORT: 5000 
02:40:27.213 INFO  ####  SERVER INITIALIZED   #### 
02:41:49.576 INFO  ####  SERVER INITIALIZING  #### 
02:41:49.576 INFO  ####  LOADING MODULES  ####
 
02:41:49.577 INFO  ####  LOADING ENVIRONMENT VARIABLES  #### 
02:41:49.592 INFO  ####  ENVIRONMENT VARIABLES LOADED  #### 
02:41:49.596 INFO  ####  LOADING  EXPRESS #### 
02:41:49.598 INFO  #### ( log_rotate ) LOG ROTATE Scheduled  ####
 
02:41:49.598 INFO  #### EXPRESS LOADED #### 
02:41:49.616 INFO  Listening on PORT: 5000 
02:41:49.617 INFO  ####  SERVER INITIALIZED   #### 
02:58:39.918 INFO  ####  SERVER INITIALIZING  #### 
02:58:39.918 INFO  ####  LOADING MODULES  ####
 
02:58:39.920 INFO  ####  LOADING ENVIRONMENT VARIABLES  #### 
02:58:39.938 INFO  ####  ENVIRONMENT VARIABLES LOADED  #### 
02:58:39.952 INFO  ####  LOADING  EXPRESS #### 
02:58:39.954 INFO  #### ( log_rotate ) LOG ROTATE Scheduled  ####
 
02:58:39.955 INFO  #### EXPRESS LOADED #### 
02:58:39.963 INFO  Listening on PORT: 5000 
02:58:39.969 INFO  ####  SERVER INITIALIZED   #### 
03:02:38.936 INFO  ####  SERVER INITIALIZING  #### 
03:02:38.936 INFO  ####  LOADING MODULES  ####
 
03:02:38.936 INFO  ####  LOADING ENVIRONMENT VARIABLES  #### 
03:02:38.945 INFO  ####  ENVIRONMENT VARIABLES LOADED  #### 
03:02:38.945 INFO  ####  LOADING  EXPRESS #### 
03:02:38.947 INFO  #### ( log_rotate ) LOG ROTATE Scheduled  ####
 
03:02:38.947 INFO  #### EXPRESS LOADED #### 
03:02:38.954 INFO  Listening on PORT: 5000 
03:02:38.954 INFO  ####  SERVER INITIALIZED   #### 
03:03:58.404 INFO  #### ( log_rotate ) LOG ROTATE Scheduled  ####
 
03:05:19.746 INFO  #### ( log_rotate ) LOG ROTATE Scheduled  ####
 
03:06:02.315 INFO  #### ( log_rotate ) LOG ROTATE Scheduled  ####
 
03:06:40.043 INFO  #### ( log_rotate ) LOG ROTATE Scheduled  ####
 
03:07:44.368 INFO  #### ( log_rotate ) LOG ROTATE Scheduled  ####
 
03:08:23.380 INFO  #### ( log_rotate ) LOG ROTATE Scheduled  ####
 
03:08:41.432 INFO  #### ( log_rotate ) LOG ROTATE Scheduled  ####
 
03:09:35.092 INFO  #### ( log_rotate ) LOG ROTATE Scheduled  ####
 
03:10:50.816 INFO  #### ( log_rotate ) LOG ROTATE Scheduled  ####
 
03:11:09.098 INFO  #### ( log_rotate ) LOG ROTATE Scheduled  ####
 
03:11:44.014 INFO  #### ( log_rotate ) LOG ROTATE Scheduled  ####
 
03:12:08.354 INFO  #### ( log_rotate ) LOG ROTATE Scheduled  ####
 
03:12:37.517 INFO  #### ( log_rotate ) LOG ROTATE Scheduled  ####
 
03:13:03.886 INFO  #### ( log_rotate ) LOG ROTATE Scheduled  ####
 
03:13:28.542 INFO  #### ( log_rotate ) LOG ROTATE Scheduled  ####
 
03:13:49.306 INFO  #### ( log_rotate ) LOG ROTATE Scheduled  ####
 
03:15:13.726 INFO  #### ( log_rotate ) LOG ROTATE Scheduled  ####
 
03:16:04.404 INFO  #### ( log_rotate ) LOG ROTATE Scheduled  ####
 
03:16:54.637 INFO  #### ( log_rotate ) LOG ROTATE Scheduled  ####
 
03:18:17.217 INFO  #### ( log_rotate ) LOG ROTATE Scheduled  ####
 
03:19:18.212 INFO  #### ( log_rotate ) LOG ROTATE Scheduled  ####
 
03:20:09.358 INFO  #### ( log_rotate ) LOG ROTATE Scheduled  ####
 
03:22:24.773 INFO  #### ( log_rotate ) LOG ROTATE Scheduled  ####
 
03:22:52.000 INFO  #### ( log_rotate ) LOG ROTATE Scheduled  ####
 
03:26:21.646 INFO  ####  SERVER INITIALIZING  #### 
03:26:21.646 INFO  ####  LOADING MODULES  ####
 
03:26:21.646 INFO  ####  LOADING ENVIRONMENT VARIABLES  #### 
03:26:21.657 INFO  ####  ENVIRONMENT VARIABLES LOADED  #### 
03:26:21.658 INFO  ####  LOADING  EXPRESS #### 
03:26:21.660 INFO  #### ( log_rotate ) LOG ROTATE Scheduled  ####
 
03:26:21.660 INFO  #### EXPRESS LOADED #### 
03:26:21.665 INFO  Listening on PORT: 5000 
03:26:21.666 INFO  ####  SERVER INITIALIZED   #### 
03:26:51.997 INFO  #### ( log_rotate ) LOG ROTATE Scheduled  ####
 
03:40:12.751 INFO  #### ( log_rotate ) LOG ROTATE Scheduled  ####
 
03:40:26.259 INFO  #### ( log_rotate ) LOG ROTATE Scheduled  ####
 
03:41:40.427 INFO  #### ( log_rotate ) LOG ROTATE Scheduled  ####
 
03:42:08.378 INFO  ####  SERVER INITIALIZING  #### 
03:42:08.378 INFO  ####  LOADING MODULES  ####
 
03:42:08.379 INFO  ####  LOADING ENVIRONMENT VARIABLES  #### 
03:42:08.389 INFO  ####  ENVIRONMENT VARIABLES LOADED  #### 
03:42:08.390 INFO  ####  LOADING  EXPRESS #### 
03:42:08.392 INFO  #### ( log_rotate ) LOG ROTATE Scheduled  ####
 
03:42:08.392 INFO  #### EXPRESS LOADED #### 
03:42:08.397 INFO  Listening on PORT: 5000 
03:42:08.399 INFO  ####  SERVER INITIALIZED   #### 
03:43:13.032 INFO  ####  SERVER INITIALIZING  #### 
03:43:13.032 INFO  ####  LOADING MODULES  ####
 
03:43:13.032 INFO  ####  LOADING ENVIRONMENT VARIABLES  #### 
03:43:13.041 INFO  ####  ENVIRONMENT VARIABLES LOADED  #### 
03:43:13.042 INFO  ####  LOADING  EXPRESS #### 
03:43:13.045 INFO  #### ( log_rotate ) LOG ROTATE Scheduled  ####
 
03:43:13.046 INFO  #### EXPRESS LOADED #### 
03:43:13.052 INFO  Listening on PORT: 5000 
03:43:13.052 INFO  ####  SERVER INITIALIZED   #### 
03:43:27.274 INFO  ####  SERVER INITIALIZING  #### 
03:43:27.274 INFO  ####  LOADING MODULES  ####
 
03:43:27.274 INFO  ####  LOADING ENVIRONMENT VARIABLES  #### 
03:43:27.284 INFO  ####  ENVIRONMENT VARIABLES LOADED  #### 
03:43:27.284 INFO  ####  LOADING  EXPRESS #### 
03:43:27.288 INFO  #### ( log_rotate ) LOG ROTATE Scheduled  ####
 
03:43:27.289 INFO  #### EXPRESS LOADED #### 
03:43:27.294 INFO  Listening on PORT: 5000 
03:43:27.295 INFO  ####  SERVER INITIALIZED   #### 
03:44:04.748 INFO  ####  SERVER INITIALIZING  #### 
03:44:04.748 INFO  ####  LOADING MODULES  ####
 
03:44:04.749 INFO  ####  LOADING ENVIRONMENT VARIABLES  #### 
03:44:04.765 INFO  ####  ENVIRONMENT VARIABLES LOADED  #### 
03:44:04.766 INFO  ####  LOADING  EXPRESS #### 
03:44:04.768 INFO  #### ( log_rotate ) LOG ROTATE Scheduled  ####
 
03:44:04.768 INFO  #### EXPRESS LOADED #### 
03:44:04.781 INFO  Listening on PORT: 5000 
03:44:04.781 INFO  ####  SERVER INITIALIZED   #### 
03:44:12.531 INFO  #### ( log_rotate ) LOG ROTATE Scheduled  ####
 
03:44:29.530 INFO  #### ( log_rotate ) LOG ROTATE Scheduled  ####
 
03:45:22.331 INFO  #### ( log_rotate ) LOG ROTATE Scheduled  ####
 
03:46:22.031 INFO  ####  SERVER INITIALIZING  #### 
03:46:22.031 INFO  ####  LOADING MODULES  ####
 
03:46:22.031 INFO  ####  LOADING ENVIRONMENT VARIABLES  #### 
03:46:22.042 INFO  ####  ENVIRONMENT VARIABLES LOADED  #### 
03:46:22.043 INFO  ####  LOADING  EXPRESS #### 
03:46:22.044 INFO  #### ( log_rotate ) LOG ROTATE Scheduled  ####
 
03:46:22.045 INFO  #### EXPRESS LOADED #### 
03:46:22.050 INFO  Listening on PORT: 5000 
03:46:22.051 INFO  ####  SERVER INITIALIZED   #### 
03:46:25.953 INFO  #### ( log_rotate ) LOG ROTATE Scheduled  ####
 
03:59:07.014 INFO  ####  SERVER INITIALIZING  #### 
03:59:07.014 INFO  ####  LOADING MODULES  ####
 
03:59:07.015 INFO  ####  LOADING ENVIRONMENT VARIABLES  #### 
03:59:07.024 INFO  ####  ENVIRONMENT VARIABLES LOADED  #### 
03:59:07.031 INFO  ####  LOADING  EXPRESS #### 
03:59:07.033 INFO  #### ( log_rotate ) LOG ROTATE Scheduled  ####
 
03:59:07.034 INFO  #### EXPRESS LOADED #### 
03:59:07.040 INFO  Listening on PORT: 5000 
03:59:07.040 INFO  ####  SERVER INITIALIZED   #### 
04:00:15.156 INFO  ####  SERVER INITIALIZING  #### 
04:00:15.156 INFO  ####  LOADING MODULES  ####
 
04:00:15.156 INFO  ####  LOADING ENVIRONMENT VARIABLES  #### 
04:00:15.165 INFO  ####  ENVIRONMENT VARIABLES LOADED  #### 
04:00:15.166 INFO  ####  LOADING  EXPRESS #### 
04:00:15.168 INFO  #### ( log_rotate ) LOG ROTATE Scheduled  ####
 
04:00:15.168 INFO  #### EXPRESS LOADED #### 
04:00:15.174 INFO  Listening on PORT: 5000 
04:00:15.174 INFO  ####  SERVER INITIALIZED   #### 
04:00:37.052 INFO  ####  SERVER INITIALIZING  #### 
04:00:37.052 INFO  ####  LOADING MODULES  ####
 
04:00:37.052 INFO  ####  LOADING ENVIRONMENT VARIABLES  #### 
04:00:37.062 INFO  ####  ENVIRONMENT VARIABLES LOADED  #### 
04:00:37.062 INFO  ####  LOADING  EXPRESS #### 
04:00:37.065 INFO  #### ( log_rotate ) LOG ROTATE Scheduled  ####
 
04:00:37.065 INFO  #### EXPRESS LOADED #### 
04:00:37.071 INFO  Listening on PORT: 5000 
04:00:37.071 INFO  ####  SERVER INITIALIZED   #### 
04:04:33.388 INFO  ####  SERVER INITIALIZING  #### 
04:04:33.388 INFO  ####  LOADING MODULES  ####
 
04:04:33.389 INFO  ####  LOADING ENVIRONMENT VARIABLES  #### 
04:04:33.398 INFO  ####  ENVIRONMENT VARIABLES LOADED  #### 
04:04:33.399 INFO  ####  LOADING  EXPRESS #### 
04:04:33.401 INFO  #### ( log_rotate ) LOG ROTATE Scheduled  ####
 
04:04:33.401 INFO  #### EXPRESS LOADED #### 
04:04:33.406 INFO  Listening on PORT: 5000 
04:04:33.407 INFO  ####  SERVER INITIALIZED   #### 
04:04:48.020 INFO  ####  SERVER INITIALIZING  #### 
04:04:48.020 INFO  ####  LOADING MODULES  ####
 
04:04:48.021 INFO  ####  LOADING ENVIRONMENT VARIABLES  #### 
04:04:48.031 INFO  ####  ENVIRONMENT VARIABLES LOADED  #### 
04:04:48.031 INFO  ####  LOADING  EXPRESS #### 
04:04:48.034 INFO  #### ( log_rotate ) LOG ROTATE Scheduled  ####
 
04:04:48.034 INFO  #### EXPRESS LOADED #### 
04:04:48.041 INFO  Listening on PORT: 5000 
04:04:48.041 INFO  ####  SERVER INITIALIZED   #### 
